<?xml version="1.0" encoding="UTF-8"?>
<testng-results skipped="0" failed="1" ignored="0" total="4" passed="3">
  <reporter-output>
  </reporter-output>
  <suite name="Default suite" duration-ms="3890" started-at="2020-06-22T20:31:14Z" finished-at="2020-06-22T20:31:18Z">
    <groups>
    </groups>
    <test name="Default test" duration-ms="3890" started-at="2020-06-22T20:31:14Z" finished-at="2020-06-22T20:31:18Z">
      <class name="CollectionsTest">
        <test-method status="PASS" signature="setup()[pri:0, instance:CollectionsTest@457e2f02]" name="setup" is-config="true" duration-ms="15" started-at="2020-06-22T20:31:14Z" finished-at="2020-06-22T20:31:14Z">
          <reporter-output>
          </reporter-output>
        </test-method> <!-- setup -->
        <test-method status="PASS" signature="getAPIdatafromOtherAPI()[pri:0, instance:CollectionsTest@457e2f02]" name="getAPIdatafromOtherAPI" duration-ms="2286" started-at="2020-06-22T20:31:14Z" finished-at="2020-06-22T20:31:17Z">
          <reporter-output>
          </reporter-output>
        </test-method> <!-- getAPIdatafromOtherAPI -->
        <test-method status="PASS" signature="setup()[pri:0, instance:CollectionsTest@457e2f02]" name="setup" is-config="true" duration-ms="4" started-at="2020-06-22T20:31:17Z" finished-at="2020-06-22T20:31:17Z">
          <reporter-output>
          </reporter-output>
        </test-method> <!-- setup -->
        <test-method status="FAIL" signature="getAPIwithDifferentParam()[pri:0, instance:CollectionsTest@457e2f02]" name="getAPIwithDifferentParam" duration-ms="507" started-at="2020-06-22T20:31:17Z" finished-at="2020-06-22T20:31:17Z">
          <exception class="java.lang.AssertionError">
            <message>
              <![CDATA[total count failed expected [3] but found [0]]]>
            </message>
            <full-stacktrace>
              <![CDATA[java.lang.AssertionError: total count failed expected [3] but found [0]
at org.testng.Assert.fail(Assert.java:96)
at org.testng.Assert.failNotEquals(Assert.java:776)
at org.testng.Assert.assertEqualsImpl(Assert.java:137)
at org.testng.Assert.assertEquals(Assert.java:118)
at CollectionsTest.getAPIwithDifferentParam(CollectionsTest.java:68)
at sun.reflect.NativeMethodAccessorImpl.invoke0(Native Method)
at sun.reflect.NativeMethodAccessorImpl.invoke(Unknown Source)
at sun.reflect.DelegatingMethodAccessorImpl.invoke(Unknown Source)
at java.lang.reflect.Method.invoke(Unknown Source)
at org.testng.internal.MethodInvocationHelper.invokeMethod(MethodInvocationHelper.java:124)
at org.testng.internal.Invoker.invokeMethod(Invoker.java:583)
at org.testng.internal.Invoker.invokeTestMethod(Invoker.java:719)
at org.testng.internal.Invoker.invokeTestMethods(Invoker.java:989)
at org.testng.internal.TestMethodWorker.invokeTestMethods(TestMethodWorker.java:125)
at org.testng.internal.TestMethodWorker.run(TestMethodWorker.java:109)
at org.testng.TestRunner.privateRun(TestRunner.java:648)
at org.testng.TestRunner.run(TestRunner.java:505)
at org.testng.SuiteRunner.runTest(SuiteRunner.java:455)
at org.testng.SuiteRunner.runSequentially(SuiteRunner.java:450)
at org.testng.SuiteRunner.privateRun(SuiteRunner.java:415)
at org.testng.SuiteRunner.run(SuiteRunner.java:364)
at org.testng.SuiteRunnerWorker.runSuite(SuiteRunnerWorker.java:52)
at org.testng.SuiteRunnerWorker.run(SuiteRunnerWorker.java:84)
at org.testng.TestNG.runSuitesSequentially(TestNG.java:1208)
at org.testng.TestNG.runSuitesLocally(TestNG.java:1137)
at org.testng.TestNG.runSuites(TestNG.java:1049)
at org.testng.TestNG.run(TestNG.java:1017)
at org.testng.remote.AbstractRemoteTestNG.run(AbstractRemoteTestNG.java:115)
at org.testng.remote.RemoteTestNG.initAndRun(RemoteTestNG.java:251)
at org.testng.remote.RemoteTestNG.main(RemoteTestNG.java:77)
]]>
            </full-stacktrace>
          </exception> <!-- java.lang.AssertionError -->
          <reporter-output>
          </reporter-output>
        </test-method> <!-- getAPIwithDifferentParam -->
        <test-method status="PASS" signature="setup()[pri:0, instance:CollectionsTest@457e2f02]" name="setup" is-config="true" duration-ms="3" started-at="2020-06-22T20:31:17Z" finished-at="2020-06-22T20:31:17Z">
          <reporter-output>
          </reporter-output>
        </test-method> <!-- setup -->
        <test-method status="PASS" signature="getAPIwithIIncorrectParamValues()[pri:0, instance:CollectionsTest@457e2f02]" name="getAPIwithIIncorrectParamValues" duration-ms="450" started-at="2020-06-22T20:31:17Z" finished-at="2020-06-22T20:31:18Z">
          <reporter-output>
          </reporter-output>
        </test-method> <!-- getAPIwithIIncorrectParamValues -->
        <test-method status="PASS" signature="setup()[pri:0, instance:CollectionsTest@457e2f02]" name="setup" is-config="true" duration-ms="3" started-at="2020-06-22T20:31:18Z" finished-at="2020-06-22T20:31:18Z">
          <reporter-output>
          </reporter-output>
        </test-method> <!-- setup -->
        <test-method status="PASS" signature="getAPIwithsameParam()[pri:0, instance:CollectionsTest@457e2f02]" name="getAPIwithsameParam" duration-ms="554" started-at="2020-06-22T20:31:18Z" finished-at="2020-06-22T20:31:18Z">
          <reporter-output>
          </reporter-output>
        </test-method> <!-- getAPIwithsameParam -->
      </class> <!-- CollectionsTest -->
    </test> <!-- Default test -->
  </suite> <!-- Default suite -->
</testng-results>
